Pig Stack Trace
---------------
ERROR 1200: <line 1, column 80>  mismatched input '<EOF>' expecting LEFT_PAREN

java.io.IOException: Error parsing schema for script function from the decorator
	at org.apache.pig.scripting.jython.JythonScriptEngine.registerFunctions(JythonScriptEngine.java:371)
	at org.apache.pig.PigServer.registerCode(PigServer.java:560)
	at org.apache.pig.tools.grunt.GruntParser.processRegister(GruntParser.java:476)
	at org.apache.pig.tools.pigscript.parser.PigScriptParser.parse(PigScriptParser.java:546)
	at org.apache.pig.tools.grunt.GruntParser.parseStopOnError(GruntParser.java:198)
	at org.apache.pig.tools.grunt.GruntParser.parseStopOnError(GruntParser.java:173)
	at org.apache.pig.tools.grunt.Grunt.exec(Grunt.java:84)
	at org.apache.pig.Main.run(Main.java:478)
	at org.apache.pig.Main.main(Main.java:156)
Caused by: Failed to parse: <line 1, column 80>  mismatched input '<EOF>' expecting LEFT_PAREN
	at org.apache.pig.parser.QueryParserDriver.parseSchema(QueryParserDriver.java:94)
	at org.apache.pig.parser.QueryParserDriver.parseSchema(QueryParserDriver.java:108)
	at org.apache.pig.impl.util.Utils.parseSchema(Utils.java:208)
	at org.apache.pig.impl.util.Utils.getSchemaFromString(Utils.java:182)
	at org.apache.pig.scripting.jython.JythonScriptEngine.registerFunctions(JythonScriptEngine.java:362)
	... 8 more
================================================================================
