Pig Stack Trace
---------------
ERROR 1200: Pig script failed to parse: 
<file pigLatin/aatest.pig, line 5, column 4> pig script failed to validate: java.lang.RuntimeException: could not instantiate 'PigStorage' with arguments '[::]'

org.apache.pig.impl.logicalLayer.FrontendException: ERROR 1000: Error during parsing. Pig script failed to parse: 
<file pigLatin/aatest.pig, line 5, column 4> pig script failed to validate: java.lang.RuntimeException: could not instantiate 'PigStorage' with arguments '[::]'
	at org.apache.pig.PigServer$Graph.parseQuery(PigServer.java:1689)
	at org.apache.pig.PigServer$Graph.access$000(PigServer.java:1409)
	at org.apache.pig.PigServer.parseAndBuild(PigServer.java:342)
	at org.apache.pig.PigServer.executeBatch(PigServer.java:367)
	at org.apache.pig.PigServer.executeBatch(PigServer.java:353)
	at org.apache.pig.tools.grunt.GruntParser.executeBatch(GruntParser.java:140)
	at org.apache.pig.tools.grunt.GruntParser.processDump(GruntParser.java:769)
	at org.apache.pig.tools.pigscript.parser.PigScriptParser.parse(PigScriptParser.java:372)
	at org.apache.pig.tools.grunt.GruntParser.parseStopOnError(GruntParser.java:198)
	at org.apache.pig.tools.grunt.GruntParser.parseStopOnError(GruntParser.java:173)
	at org.apache.pig.tools.grunt.Grunt.exec(Grunt.java:84)
	at org.apache.pig.Main.run(Main.java:478)
	at org.apache.pig.Main.main(Main.java:156)
Caused by: Failed to parse: Pig script failed to parse: 
<file pigLatin/aatest.pig, line 5, column 4> pig script failed to validate: java.lang.RuntimeException: could not instantiate 'PigStorage' with arguments '[::]'
	at org.apache.pig.parser.QueryParserDriver.parse(QueryParserDriver.java:196)
	at org.apache.pig.PigServer$Graph.parseQuery(PigServer.java:1676)
	... 12 more
Caused by: 
<file pigLatin/aatest.pig, line 5, column 4> pig script failed to validate: java.lang.RuntimeException: could not instantiate 'PigStorage' with arguments '[::]'
	at org.apache.pig.parser.LogicalPlanBuilder.buildLoadOp(LogicalPlanBuilder.java:849)
	at org.apache.pig.parser.LogicalPlanGenerator.load_clause(LogicalPlanGenerator.java:3479)
	at org.apache.pig.parser.LogicalPlanGenerator.op_clause(LogicalPlanGenerator.java:1536)
	at org.apache.pig.parser.LogicalPlanGenerator.general_statement(LogicalPlanGenerator.java:1013)
	at org.apache.pig.parser.LogicalPlanGenerator.statement(LogicalPlanGenerator.java:553)
	at org.apache.pig.parser.LogicalPlanGenerator.query(LogicalPlanGenerator.java:421)
	at org.apache.pig.parser.QueryParserDriver.parse(QueryParserDriver.java:188)
	... 13 more
Caused by: java.lang.RuntimeException: could not instantiate 'PigStorage' with arguments '[::]'
	at org.apache.pig.impl.PigContext.instantiateFuncFromSpec(PigContext.java:748)
	at org.apache.pig.parser.LogicalPlanBuilder.buildLoadOp(LogicalPlanBuilder.java:837)
	... 19 more
Caused by: java.lang.reflect.InvocationTargetException
	at sun.reflect.NativeConstructorAccessorImpl.newInstance0(Native Method)
	at sun.reflect.NativeConstructorAccessorImpl.newInstance(Unknown Source)
	at sun.reflect.DelegatingConstructorAccessorImpl.newInstance(Unknown Source)
	at java.lang.reflect.Constructor.newInstance(Unknown Source)
	at org.apache.pig.impl.PigContext.instantiateFuncFromSpec(PigContext.java:716)
	... 20 more
Caused by: java.lang.IllegalArgumentException: Delimeter must be a single character ::
	at org.apache.pig.impl.util.StorageUtil.parseFieldDel(StorageUtil.java:83)
	at org.apache.pig.builtin.PigStorage.<init>(PigStorage.java:198)
	at org.apache.pig.builtin.PigStorage.<init>(PigStorage.java:179)
	... 25 more
================================================================================
