Pig Stack Trace
---------------
ERROR 1200: Pig script failed to parse: 
<file pigLatin/aatest.pig, line 7, column 7> pig script failed to validate: org.apache.pig.impl.logicalLayer.FrontendException: ERROR 0: Given UDF returns an improper Schema. Schema should only contain one field of a Tuple, Bag, or a single type. Returns: {c_region: int,c_channel: chararray,date: chararray,hour: chararray,a_cnt: int,s: chararray}

org.apache.pig.impl.logicalLayer.FrontendException: ERROR 1000: Error during parsing. Pig script failed to parse: 
<file pigLatin/aatest.pig, line 7, column 7> pig script failed to validate: org.apache.pig.impl.logicalLayer.FrontendException: ERROR 0: Given UDF returns an improper Schema. Schema should only contain one field of a Tuple, Bag, or a single type. Returns: {c_region: int,c_channel: chararray,date: chararray,hour: chararray,a_cnt: int,s: chararray}
	at org.apache.pig.PigServer$Graph.parseQuery(PigServer.java:1689)
	at org.apache.pig.PigServer$Graph.access$000(PigServer.java:1409)
	at org.apache.pig.PigServer.parseAndBuild(PigServer.java:342)
	at org.apache.pig.PigServer.executeBatch(PigServer.java:367)
	at org.apache.pig.PigServer.executeBatch(PigServer.java:353)
	at org.apache.pig.tools.grunt.GruntParser.executeBatch(GruntParser.java:140)
	at org.apache.pig.tools.grunt.GruntParser.processDump(GruntParser.java:769)
	at org.apache.pig.tools.pigscript.parser.PigScriptParser.parse(PigScriptParser.java:372)
	at org.apache.pig.tools.grunt.GruntParser.parseStopOnError(GruntParser.java:198)
	at org.apache.pig.tools.grunt.GruntParser.parseStopOnError(GruntParser.java:173)
	at org.apache.pig.tools.grunt.Grunt.exec(Grunt.java:84)
	at org.apache.pig.Main.run(Main.java:478)
	at org.apache.pig.Main.main(Main.java:156)
Caused by: Failed to parse: Pig script failed to parse: 
<file pigLatin/aatest.pig, line 7, column 7> pig script failed to validate: org.apache.pig.impl.logicalLayer.FrontendException: ERROR 0: Given UDF returns an improper Schema. Schema should only contain one field of a Tuple, Bag, or a single type. Returns: {c_region: int,c_channel: chararray,date: chararray,hour: chararray,a_cnt: int,s: chararray}
	at org.apache.pig.parser.QueryParserDriver.parse(QueryParserDriver.java:196)
	at org.apache.pig.PigServer$Graph.parseQuery(PigServer.java:1676)
	... 12 more
Caused by: 
<file pigLatin/aatest.pig, line 7, column 7> pig script failed to validate: org.apache.pig.impl.logicalLayer.FrontendException: ERROR 0: Given UDF returns an improper Schema. Schema should only contain one field of a Tuple, Bag, or a single type. Returns: {c_region: int,c_channel: chararray,date: chararray,hour: chararray,a_cnt: int,s: chararray}
	at org.apache.pig.parser.LogicalPlanBuilder.expandAndResetVisitor(LogicalPlanBuilder.java:410)
	at org.apache.pig.parser.LogicalPlanBuilder.buildForeachOp(LogicalPlanBuilder.java:979)
	at org.apache.pig.parser.LogicalPlanGenerator.foreach_clause(LogicalPlanGenerator.java:15781)
	at org.apache.pig.parser.LogicalPlanGenerator.op_clause(LogicalPlanGenerator.java:1844)
	at org.apache.pig.parser.LogicalPlanGenerator.general_statement(LogicalPlanGenerator.java:1013)
	at org.apache.pig.parser.LogicalPlanGenerator.statement(LogicalPlanGenerator.java:553)
	at org.apache.pig.parser.LogicalPlanGenerator.query(LogicalPlanGenerator.java:421)
	at org.apache.pig.parser.QueryParserDriver.parse(QueryParserDriver.java:188)
	... 13 more
Caused by: org.apache.pig.impl.logicalLayer.FrontendException: ERROR 0: Given UDF returns an improper Schema. Schema should only contain one field of a Tuple, Bag, or a single type. Returns: {c_region: int,c_channel: chararray,date: chararray,hour: chararray,a_cnt: int,s: chararray}
	at org.apache.pig.newplan.logical.expression.UserFuncExpression.getFieldSchema(UserFuncExpression.java:235)
	at org.apache.pig.newplan.logical.optimizer.FieldSchemaResetter.execute(SchemaResetter.java:264)
	at org.apache.pig.newplan.logical.expression.AllSameExpressionVisitor.visit(AllSameExpressionVisitor.java:143)
	at org.apache.pig.newplan.logical.expression.UserFuncExpression.accept(UserFuncExpression.java:112)
	at org.apache.pig.newplan.ReverseDependencyOrderWalker.walk(ReverseDependencyOrderWalker.java:70)
	at org.apache.pig.newplan.PlanVisitor.visit(PlanVisitor.java:52)
	at org.apache.pig.newplan.logical.optimizer.SchemaResetter.visitAll(SchemaResetter.java:67)
	at org.apache.pig.newplan.logical.optimizer.SchemaResetter.visit(SchemaResetter.java:122)
	at org.apache.pig.newplan.logical.relational.LOGenerate.accept(LOGenerate.java:246)
	at org.apache.pig.newplan.DependencyOrderWalker.walk(DependencyOrderWalker.java:75)
	at org.apache.pig.newplan.logical.optimizer.SchemaResetter.visit(SchemaResetter.java:114)
	at org.apache.pig.newplan.logical.relational.LOForEach.accept(LOForEach.java:76)
	at org.apache.pig.newplan.DependencyOrderWalker.walk(DependencyOrderWalker.java:75)
	at org.apache.pig.newplan.PlanVisitor.visit(PlanVisitor.java:52)
	at org.apache.pig.parser.LogicalPlanBuilder.expandAndResetVisitor(LogicalPlanBuilder.java:408)
	... 20 more
================================================================================
